# JRE version: Java(TM) SE Runtime Environment (8.0_151-b12) (build 1.8.0_151-b12)
# Java VM: Java HotSpot(TM) 64-Bit Server VM (25.151-b12 mixed mode windows-amd64 compressed oops)
Heap:
 PSYoungGen      total 421376K, used 257963K [0x00000000e0000000, 0x0000000100000000, 0x0000000100000000)
  eden space 344064K, 58% used [0x00000000e0000000,0x00000000ec3ddae0,0x00000000f5000000)
  from space 77312K, 74% used [0x00000000fb480000,0x00000000fec8d1b0,0x0000000100000000)
  to   space 90112K, 0% used [0x00000000f5000000,0x00000000f5000000,0x00000000fa800000)
 ParOldGen       total 305152K, used 226583K [0x00000000a0000000, 0x00000000b2a00000, 0x00000000e0000000)
  object space 305152K, 74% used [0x00000000a0000000,0x00000000add45f90,0x00000000b2a00000)
 Metaspace       used 119102K, capacity 127068K, committed 127232K, reserved 1159168K
  class space    used 15875K, capacity 17302K, committed 17408K, reserved 1048576K
GC Heap History (10 events):
Event: 128.883 GC heap before
{Heap before GC invocations=41 (full 5):
 PSYoungGen      total 419840K, used 386709K [0x00000000e0000000, 0x00000000ffa80000, 0x0000000100000000)
  eden space 360960K, 100% used [0x00000000e0000000,0x00000000f6080000,0x00000000f6080000)
  from space 58880K, 43% used [0x00000000f6080000,0x00000000f79a5760,0x00000000f9a00000)
  to   space 56832K, 0% used [0x00000000fc300000,0x00000000fc300000,0x00000000ffa80000)
 ParOldGen       total 305152K, used 196740K [0x00000000a0000000, 0x00000000b2a00000, 0x00000000e0000000)
  object space 305152K, 64% used [0x00000000a0000000,0x00000000ac021088,0x00000000b2a00000)
 Metaspace       used 99776K, capacity 106660K, committed 106880K, reserved 1140736K
  class space    used 13616K, capacity 14899K, committed 14976K, reserved 1048576K
Event: 129.938 GC heap after
Heap after GC invocations=41 (full 5):
 PSYoungGen      total 460800K, used 39769K [0x00000000e0000000, 0x0000000100000000, 0x0000000100000000)
  eden space 403968K, 0% used [0x00000000e0000000,0x00000000e0000000,0x00000000f8a80000)
  from space 56832K, 69% used [0x00000000fc300000,0x00000000fe9d6670,0x00000000ffa80000)
  to   space 57856K, 0% used [0x00000000f8a80000,0x00000000f8a80000,0x00000000fc300000)
 ParOldGen       total 305152K, used 199160K [0x00000000a0000000, 0x00000000b2a00000, 0x00000000e0000000)
  object space 305152K, 65% used [0x00000000a0000000,0x00000000ac27e0b0,0x00000000b2a00000)
 Metaspace       used 99776K, capacity 106660K, committed 106880K, reserved 1140736K
  class space    used 13616K, capacity 14899K, committed 14976K, reserved 1048576K
}
Event: 143.591 GC heap before
{Heap before GC invocations=42 (full 5):
 PSYoungGen      total 460800K, used 443737K [0x00000000e0000000, 0x0000000100000000, 0x0000000100000000)
  eden space 403968K, 100% used [0x00000000e0000000,0x00000000f8a80000,0x00000000f8a80000)
  from space 56832K, 69% used [0x00000000fc300000,0x00000000fe9d6670,0x00000000ffa80000)
  to   space 57856K, 0% used [0x00000000f8a80000,0x00000000f8a80000,0x00000000fc300000)
 ParOldGen       total 305152K, used 199160K [0x00000000a0000000, 0x00000000b2a00000, 0x00000000e0000000)
  object space 305152K, 65% used [0x00000000a0000000,0x00000000ac27e0b0,0x00000000b2a00000)
 Metaspace       used 100957K, capacity 108048K, committed 108288K, reserved 1142784K
  class space    used 13755K, capacity 15063K, committed 15104K, reserved 1048576K
Event: 145.321 GC heap after
Heap after GC invocations=42 (full 5):
 PSYoungGen      total 461824K, used 57851K [0x00000000e0000000, 0x0000000100000000, 0x0000000100000000)
  eden space 403968K, 0% used [0x00000000e0000000,0x00000000e0000000,0x00000000f8a80000)
  from space 57856K, 99% used [0x00000000f8a80000,0x00000000fc2fee60,0x00000000fc300000)
  to   space 62464K, 0% used [0x00000000fc300000,0x00000000fc300000,0x0000000100000000)
 ParOldGen       total 305152K, used 222929K [0x00000000a0000000, 0x00000000b2a00000, 0x00000000e0000000)
  object space 305152K, 73% used [0x00000000a0000000,0x00000000ad9b4498,0x00000000b2a00000)
 Metaspace       used 100957K, capacity 108048K, committed 108288K, reserved 1142784K
  class space    used 13755K, capacity 15063K, committed 15104K, reserved 1048576K
}
Event: 164.354 GC heap before
{Heap before GC invocations=43 (full 5):
 PSYoungGen      total 461824K, used 461819K [0x00000000e0000000, 0x0000000100000000, 0x0000000100000000)
  eden space 403968K, 100% used [0x00000000e0000000,0x00000000f8a80000,0x00000000f8a80000)
  from space 57856K, 99% used [0x00000000f8a80000,0x00000000fc2fee60,0x00000000fc300000)
  to   space 62464K, 0% used [0x00000000fc300000,0x00000000fc300000,0x0000000100000000)
 ParOldGen       total 305152K, used 222929K [0x00000000a0000000, 0x00000000b2a00000, 0x00000000e0000000)
  object space 305152K, 73% used [0x00000000a0000000,0x00000000ad9b4498,0x00000000b2a00000)
 Metaspace       used 112128K, capacity 119438K, committed 119680K, reserved 1153024K
  class space    used 15104K, capacity 16451K, committed 16512K, reserved 1048576K
Event: 165.810 GC heap after
Heap after GC invocations=43 (full 5):
 PSYoungGen      total 432128K, used 54343K [0x00000000e0000000, 0x0000000100000000, 0x0000000100000000)
  eden space 369664K, 0% used [0x00000000e0000000,0x00000000e0000000,0x00000000f6900000)
  from space 62464K, 86% used [0x00000000fc300000,0x00000000ff811e98,0x0000000100000000)
  to   space 77312K, 0% used [0x00000000f6900000,0x00000000f6900000,0x00000000fb480000)
 ParOldGen       total 305152K, used 223781K [0x00000000a0000000, 0x00000000b2a00000, 0x00000000e0000000)
  object space 305152K, 73% used [0x00000000a0000000,0x00000000ada89728,0x00000000b2a00000)
 Metaspace       used 112128K, capacity 119438K, committed 119680K, reserved 1153024K
  class space    used 15104K, capacity 16451K, committed 16512K, reserved 1048576K
}
Event: 185.741 GC heap before
{Heap before GC invocations=44 (full 5):
 PSYoungGen      total 432128K, used 424007K [0x00000000e0000000, 0x0000000100000000, 0x0000000100000000)
  eden space 369664K, 100% used [0x00000000e0000000,0x00000000f6900000,0x00000000f6900000)
  from space 62464K, 86% used [0x00000000fc300000,0x00000000ff811e98,0x0000000100000000)
  to   space 77312K, 0% used [0x00000000f6900000,0x00000000f6900000,0x00000000fb480000)
 ParOldGen       total 305152K, used 223781K [0x00000000a0000000, 0x00000000b2a00000, 0x00000000e0000000)
  object space 305152K, 73% used [0x00000000a0000000,0x00000000ada89728,0x00000000b2a00000)
 Metaspace       used 114838K, capacity 122444K, committed 122624K, reserved 1155072K
  class space    used 15494K, capacity 16854K, committed 16896K, reserved 1048576K
Event: 187.690 GC heap after
Heap after GC invocations=44 (full 5):
 PSYoungGen      total 446976K, used 77282K [0x00000000e0000000, 0x0000000100000000, 0x0000000100000000)
  eden space 369664K, 0% used [0x00000000e0000000,0x00000000e0000000,0x00000000f6900000)
  from space 77312K, 99% used [0x00000000f6900000,0x00000000fb478bf0,0x00000000fb480000)
  to   space 77312K, 0% used [0x00000000fb480000,0x00000000fb480000,0x0000000100000000)
 ParOldGen       total 305152K, used 226343K [0x00000000a0000000, 0x00000000b2a00000, 0x00000000e0000000)
  object space 305152K, 74% used [0x00000000a0000000,0x00000000add09f90,0x00000000b2a00000)
 Metaspace       used 114838K, capacity 122444K, committed 122624K, reserved 1155072K
  class space    used 15494K, capacity 16854K, committed 16896K, reserved 1048576K
}
Event: 203.943 GC heap before
{Heap before GC invocations=45 (full 5):
 PSYoungGen      total 446976K, used 434338K [0x00000000e0000000, 0x0000000100000000, 0x0000000100000000)
  eden space 369664K, 96% used [0x00000000e0000000,0x00000000f5cafdc8,0x00000000f6900000)
  from space 77312K, 99% used [0x00000000f6900000,0x00000000fb478bf0,0x00000000fb480000)
  to   space 77312K, 0% used [0x00000000fb480000,0x00000000fb480000,0x0000000100000000)
 ParOldGen       total 305152K, used 226343K [0x00000000a0000000, 0x00000000b2a00000, 0x00000000e0000000)
  object space 305152K, 74% used [0x00000000a0000000,0x00000000add09f90,0x00000000b2a00000)
 Metaspace       used 115499K, capacity 123224K, committed 123264K, reserved 1155072K
  class space    used 15589K, capacity 16994K, committed 17024K, reserved 1048576K
Event: 204.960 GC heap after
Heap after GC invocations=45 (full 5):
 PSYoungGen      total 421376K, used 57396K [0x00000000e0000000, 0x0000000100000000, 0x0000000100000000)
  eden space 344064K, 0% used [0x00000000e0000000,0x00000000e0000000,0x00000000f5000000)
  from space 77312K, 74% used [0x00000000fb480000,0x00000000fec8d1b0,0x0000000100000000)
  to   space 90112K, 0% used [0x00000000f5000000,0x00000000f5000000,0x00000000fa800000)
 ParOldGen       total 305152K, used 226583K [0x00000000a0000000, 0x00000000b2a00000, 0x00000000e0000000)
  object space 305152K, 74% used [0x00000000a0000000,0x00000000add45f90,0x00000000b2a00000)
 Metaspace       used 115499K, capacity 123224K, committed 123264K, reserved 1155072K
  class space    used 15589K, capacity 16994K, committed 17024K, reserved 1048576K
}

